[05.05.2014 19:04:36,732] [main] INFO  org.jgap.gp.impl.GPGenotype  - Creating initial population
[05.05.2014 19:04:36,735] [main] INFO  org.jgap.gp.impl.GPGenotype  - Mem free: 81.0 MB
[05.05.2014 19:04:36,745] [main] INFO  org.jgap.gp.impl.GPPopulation  - Prototype program set
[05.05.2014 19:04:36,851] [main] INFO  org.jgap.gp.impl.GPGenotype  - Mem free after creating population: 81.0 MB
[05.05.2014 19:04:36,855] [main] INFO  org.jgap.gp.impl.GPGenotype  - Your configuration does not contain unused commands, this is good
[05.05.2014 19:04:36,856] [main] INFO  org.jgap.gp.impl.GPGenotype  - Evolving generation 0, memory free: 79.1 MB
[05.05.2014 19:04:37,005] [main] INFO  org.jgap.gp.impl.GPGenotype  - Best solution fitness: 1194.40
[05.05.2014 19:04:37,006] [main] INFO  org.jgap.gp.impl.GPGenotype  - Best solution: ((X + -1.0) * (X + X)) + 0.0
[05.05.2014 19:04:37,007] [main] INFO  org.jgap.gp.impl.GPGenotype  - Depth of chrom: 3
[05.05.2014 19:04:37,133] [main] INFO  org.jgap.gp.impl.GPGenotype  - Best solution fitness: 949.01
[05.05.2014 19:04:37,134] [main] INFO  org.jgap.gp.impl.GPGenotype  - Best solution: (X * X) * ((X * X) - (X - 1.0))
[05.05.2014 19:04:37,134] [main] INFO  org.jgap.gp.impl.GPGenotype  - Depth of chrom: 3
[05.05.2014 19:04:37,231] [main] INFO  org.jgap.gp.impl.GPGenotype  - Best solution fitness: 686.75
[05.05.2014 19:04:37,232] [main] INFO  org.jgap.gp.impl.GPGenotype  - Best solution: ((X + X) * (X - 1.0)) - ((0.0 * 0.0) - (X * X))
[05.05.2014 19:04:37,232] [main] INFO  org.jgap.gp.impl.GPGenotype  - Depth of chrom: 3
[05.05.2014 19:04:37,319] [main] INFO  org.jgap.gp.impl.GPGenotype  - Best solution fitness: 559.93
[05.05.2014 19:04:37,320] [main] INFO  org.jgap.gp.impl.GPGenotype  - Best solution: ((X + X) * (X + X)) - (X + X)
[05.05.2014 19:04:37,320] [main] INFO  org.jgap.gp.impl.GPGenotype  - Depth of chrom: 3
[05.05.2014 19:04:37,399] [main] INFO  org.jgap.gp.impl.GPGenotype  - Best solution fitness: 85.41
[05.05.2014 19:04:37,400] [main] INFO  org.jgap.gp.impl.GPGenotype  - Best solution: ((X * X) - (X - 1.0)) * ((X * X) - X)
[05.05.2014 19:04:37,400] [main] INFO  org.jgap.gp.impl.GPGenotype  - Depth of chrom: 3
[05.05.2014 19:04:37,629] [main] INFO  org.jgap.gp.impl.GPGenotype  - Best solution fitness: 20.00
[05.05.2014 19:04:37,631] [main] INFO  org.jgap.gp.impl.GPGenotype  - Best solution: ((X * X) - (X - 0.0)) * ((X * X) - X)
[05.05.2014 19:04:37,632] [main] INFO  org.jgap.gp.impl.GPGenotype  - Depth of chrom: 3
[05.05.2014 19:04:37,790] [main] INFO  org.jgap.gp.impl.GPGenotype  - Best solution fitness: 0.0
[05.05.2014 19:04:37,791] [main] INFO  org.jgap.gp.impl.GPGenotype  - Best solution: 1.0 + (((1.0 - X) * (1.0 - X)) * (X * X))
[05.05.2014 19:04:37,791] [main] INFO  org.jgap.gp.impl.GPGenotype  - Depth of chrom: 4
[05.05.2014 19:04:38,074] [main] INFO  org.jgap.gp.impl.GPGenotype  - Evolving generation 25, memory free: 71.5 MB
[05.05.2014 19:04:38,970] [main] INFO  org.jgap.gp.impl.GPGenotype  - Evolving generation 50, memory free: 65.0 MB
[05.05.2014 19:04:39,729] [main] INFO  org.jgap.gp.impl.GPGenotype  - Evolving generation 75, memory free: 73.9 MB
[05.05.2014 19:04:40,459] [main] INFO  org.jgap.gp.impl.GPGenotype  - Evolving generation 100, memory free: 70.7 MB
[05.05.2014 19:04:40,924] [main] INFO  org.jgap.gp.impl.GPGenotype  - Evolving generation 125, memory free: 66.2 MB
[05.05.2014 19:04:41,374] [main] INFO  org.jgap.gp.impl.GPGenotype  - Evolving generation 150, memory free: 77.6 MB
[05.05.2014 19:04:41,831] [main] INFO  org.jgap.gp.impl.GPGenotype  - Evolving generation 175, memory free: 72.3 MB
[05.05.2014 19:04:42,300] [main] INFO  org.jgap.gp.impl.GPGenotype  - Evolving generation 200, memory free: 67.6 MB
[05.05.2014 19:04:42,734] [main] INFO  org.jgap.gp.impl.GPGenotype  - Evolving generation 225, memory free: 62.0 MB
[05.05.2014 19:04:43,178] [main] INFO  org.jgap.gp.impl.GPGenotype  - Evolving generation 250, memory free: 74.9 MB
[05.05.2014 19:04:43,632] [main] INFO  org.jgap.gp.impl.GPGenotype  - Evolving generation 275, memory free: 68.6 MB
[05.05.2014 19:04:44,057] [main] INFO  org.jgap.gp.impl.GPGenotype  - Evolving generation 300, memory free: 65.3 MB
[05.05.2014 19:04:44,490] [main] INFO  org.jgap.gp.impl.GPGenotype  - Evolving generation 325, memory free: 60.4 MB
[05.05.2014 19:04:44,929] [main] INFO  org.jgap.gp.impl.GPGenotype  - Evolving generation 350, memory free: 73.7 MB
[05.05.2014 19:04:45,363] [main] INFO  org.jgap.gp.impl.GPGenotype  - Evolving generation 375, memory free: 70.7 MB
[05.05.2014 19:04:45,795] [main] INFO  org.jgap.gp.impl.GPGenotype  - Evolving generation 400, memory free: 67.5 MB
[05.05.2014 19:04:46,293] [main] INFO  org.jgap.gp.impl.GPGenotype  - Evolving generation 425, memory free: 63.4 MB
[05.05.2014 19:04:46,718] [main] INFO  org.jgap.gp.impl.GPGenotype  - Evolving generation 450, memory free: 74.3 MB
[05.05.2014 19:04:47,151] [main] INFO  org.jgap.gp.impl.GPGenotype  - Evolving generation 475, memory free: 69.1 MB
[05.05.2014 19:04:47,583] [main] INFO  org.jgap.gp.impl.GPGenotype  - Evolving generation 500, memory free: 64.6 MB
[05.05.2014 19:04:48,019] [main] INFO  org.jgap.gp.impl.GPGenotype  - Evolving generation 525, memory free: 75.1 MB
[05.05.2014 19:04:48,438] [main] INFO  org.jgap.gp.impl.GPGenotype  - Evolving generation 550, memory free: 70.4 MB
[05.05.2014 19:04:48,871] [main] INFO  org.jgap.gp.impl.GPGenotype  - Evolving generation 575, memory free: 65.3 MB
[05.05.2014 19:04:49,308] [main] INFO  org.jgap.gp.impl.GPGenotype  - Evolving generation 600, memory free: 74.1 MB
[05.05.2014 19:04:49,725] [main] INFO  org.jgap.gp.impl.GPGenotype  - Evolving generation 625, memory free: 71.5 MB
[05.05.2014 19:04:50,159] [main] INFO  org.jgap.gp.impl.GPGenotype  - Evolving generation 650, memory free: 68.2 MB
[05.05.2014 19:04:50,614] [main] INFO  org.jgap.gp.impl.GPGenotype  - Evolving generation 675, memory free: 65.8 MB
[05.05.2014 19:04:51,036] [main] INFO  org.jgap.gp.impl.GPGenotype  - Evolving generation 700, memory free: 61.1 MB
[05.05.2014 19:04:51,462] [main] INFO  org.jgap.gp.impl.GPGenotype  - Evolving generation 725, memory free: 72.7 MB
[05.05.2014 19:04:51,888] [main] INFO  org.jgap.gp.impl.GPGenotype  - Evolving generation 750, memory free: 69.7 MB
[05.05.2014 19:04:52,321] [main] INFO  org.jgap.gp.impl.GPGenotype  - Evolving generation 775, memory free: 65.1 MB
[05.05.2014 19:04:52,739] [main] INFO  org.jgap.gp.impl.GPGenotype  - Evolving generation 800, memory free: 61.4 MB
[05.05.2014 19:04:53,173] [main] INFO  org.jgap.gp.impl.GPGenotype  - Evolving generation 825, memory free: 73.2 MB
[05.05.2014 19:04:53,605] [main] INFO  org.jgap.gp.impl.GPGenotype  - Evolving generation 850, memory free: 66.7 MB
[05.05.2014 19:04:54,028] [main] INFO  org.jgap.gp.impl.GPGenotype  - Evolving generation 875, memory free: 62.8 MB
[05.05.2014 19:04:54,466] [main] INFO  org.jgap.gp.impl.GPGenotype  - Evolving generation 900, memory free: 57.9 MB
[05.05.2014 19:04:54,892] [main] INFO  org.jgap.gp.impl.GPGenotype  - Evolving generation 925, memory free: 71.6 MB
[05.05.2014 19:04:55,329] [main] INFO  org.jgap.gp.impl.GPGenotype  - Evolving generation 950, memory free: 66.7 MB
[05.05.2014 19:04:55,754] [main] INFO  org.jgap.gp.impl.GPGenotype  - Evolving generation 975, memory free: 60.8 MB
[05.05.2014 19:04:56,174] [main] INFO  org.jgap.gp.impl.GPGenotype  - Evolving generation 1000, memory free: 72.3 MB
[05.05.2014 19:04:56,591] [main] INFO  org.jgap.gp.impl.GPGenotype  - Evolving generation 1025, memory free: 68.5 MB
[05.05.2014 19:04:57,019] [main] INFO  org.jgap.gp.impl.GPGenotype  - Evolving generation 1050, memory free: 64.9 MB
[05.05.2014 19:04:57,443] [main] INFO  org.jgap.gp.impl.GPGenotype  - Evolving generation 1075, memory free: 60.0 MB
[05.05.2014 19:04:57,854] [main] INFO  org.jgap.gp.impl.GPGenotype  - Evolving generation 1100, memory free: 73.7 MB
[05.05.2014 19:04:58,287] [main] INFO  org.jgap.gp.impl.GPGenotype  - Evolving generation 1125, memory free: 68.7 MB
[05.05.2014 19:04:58,718] [main] INFO  org.jgap.gp.impl.GPGenotype  - Evolving generation 1150, memory free: 63.8 MB
[05.05.2014 19:04:59,140] [main] INFO  org.jgap.gp.impl.GPGenotype  - Evolving generation 1175, memory free: 59.7 MB
[05.05.2014 19:04:59,576] [main] INFO  org.jgap.gp.impl.GPGenotype  - Evolving generation 1200, memory free: 73.0 MB
[05.05.2014 19:05:00,005] [main] INFO  org.jgap.gp.impl.GPGenotype  - Evolving generation 1225, memory free: 68.6 MB
[05.05.2014 19:05:00,425] [main] INFO  org.jgap.gp.impl.GPGenotype  - Evolving generation 1250, memory free: 64.7 MB
[05.05.2014 19:05:00,854] [main] INFO  org.jgap.gp.impl.GPGenotype  - Evolving generation 1275, memory free: 62.2 MB
[05.05.2014 19:05:01,281] [main] INFO  org.jgap.gp.impl.GPGenotype  - Evolving generation 1300, memory free: 57.7 MB
[05.05.2014 19:05:01,709] [main] INFO  org.jgap.gp.impl.GPGenotype  - Evolving generation 1325, memory free: 70.8 MB
[05.05.2014 19:05:02,143] [main] INFO  org.jgap.gp.impl.GPGenotype  - Evolving generation 1350, memory free: 65.3 MB
[05.05.2014 19:05:02,588] [main] INFO  org.jgap.gp.impl.GPGenotype  - Evolving generation 1375, memory free: 61.0 MB
[05.05.2014 19:05:03,008] [main] INFO  org.jgap.gp.impl.GPGenotype  - Evolving generation 1400, memory free: 71.7 MB
[05.05.2014 19:05:03,436] [main] INFO  org.jgap.gp.impl.GPGenotype  - Evolving generation 1425, memory free: 68.5 MB
[05.05.2014 19:05:03,858] [main] INFO  org.jgap.gp.impl.GPGenotype  - Evolving generation 1450, memory free: 63.6 MB
[05.05.2014 19:05:04,289] [main] INFO  org.jgap.gp.impl.GPGenotype  - Evolving generation 1475, memory free: 58.8 MB
[05.05.2014 19:05:04,708] [main] INFO  org.jgap.gp.impl.GPGenotype  - Evolving generation 1500, memory free: 69.7 MB
[05.05.2014 19:05:05,143] [main] INFO  org.jgap.gp.impl.GPGenotype  - Evolving generation 1525, memory free: 65.2 MB
[05.05.2014 19:05:05,581] [main] INFO  org.jgap.gp.impl.GPGenotype  - Evolving generation 1550, memory free: 60.6 MB
[05.05.2014 19:05:06,011] [main] INFO  org.jgap.gp.impl.GPGenotype  - Evolving generation 1575, memory free: 71.6 MB
[05.05.2014 19:05:06,424] [main] INFO  org.jgap.gp.impl.GPGenotype  - Evolving generation 1600, memory free: 68.4 MB
[05.05.2014 19:05:06,859] [main] INFO  org.jgap.gp.impl.GPGenotype  - Evolving generation 1625, memory free: 62.5 MB
[05.05.2014 19:05:07,291] [main] INFO  org.jgap.gp.impl.GPGenotype  - Evolving generation 1650, memory free: 55.8 MB
[05.05.2014 19:05:07,717] [main] INFO  org.jgap.gp.impl.GPGenotype  - Evolving generation 1675, memory free: 68.0 MB
[05.05.2014 19:05:08,154] [main] INFO  org.jgap.gp.impl.GPGenotype  - Evolving generation 1700, memory free: 63.6 MB
[05.05.2014 19:05:08,583] [main] INFO  org.jgap.gp.impl.GPGenotype  - Evolving generation 1725, memory free: 59.3 MB
[05.05.2014 19:05:09,024] [main] INFO  org.jgap.gp.impl.GPGenotype  - Evolving generation 1750, memory free: 70.7 MB
[05.05.2014 19:05:09,462] [main] INFO  org.jgap.gp.impl.GPGenotype  - Evolving generation 1775, memory free: 66.1 MB
[05.05.2014 19:05:09,889] [main] INFO  org.jgap.gp.impl.GPGenotype  - Evolving generation 1800, memory free: 63.5 MB
[05.05.2014 19:05:10,321] [main] INFO  org.jgap.gp.impl.GPGenotype  - Evolving generation 1825, memory free: 59.8 MB
[05.05.2014 19:05:10,754] [main] INFO  org.jgap.gp.impl.GPGenotype  - Evolving generation 1850, memory free: 70.4 MB
[05.05.2014 19:05:11,177] [main] INFO  org.jgap.gp.impl.GPGenotype  - Evolving generation 1875, memory free: 65.1 MB
[05.05.2014 19:05:11,618] [main] INFO  org.jgap.gp.impl.GPGenotype  - Evolving generation 1900, memory free: 60.6 MB
[05.05.2014 19:05:12,052] [main] INFO  org.jgap.gp.impl.GPGenotype  - Evolving generation 1925, memory free: 70.3 MB
[05.05.2014 19:05:12,482] [main] INFO  org.jgap.gp.impl.GPGenotype  - Evolving generation 1950, memory free: 65.0 MB
[05.05.2014 19:05:12,913] [main] INFO  org.jgap.gp.impl.GPGenotype  - Evolving generation 1975, memory free: 61.2 MB
[05.05.2014 19:05:13,339] [main] INFO  org.jgap.gp.impl.GPGenotype  - Best solution fitness: 0.0
[05.05.2014 19:05:13,339] [main] INFO  org.jgap.gp.impl.GPGenotype  - Best solution: 1.0 + (((1.0 - X) * (1.0 - X)) * (X * X))
[05.05.2014 19:05:13,339] [main] INFO  org.jgap.gp.impl.GPGenotype  - Depth of chrom: 4
